[debug] [2021-11-21T17:49:19.507Z] ----------------------------------------------------------------------
[debug] [2021-11-21T17:49:19.509Z] Command:       /usr/local/bin/node /usr/local/bin/firebase init
[debug] [2021-11-21T17:49:19.509Z] CLI Version:   9.23.0
[debug] [2021-11-21T17:49:19.509Z] Platform:      darwin
[debug] [2021-11-21T17:49:19.509Z] Node Version:  v14.17.6
[debug] [2021-11-21T17:49:19.510Z] Time:          Sun Nov 21 2021 20:49:19 GMT+0300 (GMT+03:00)
[debug] [2021-11-21T17:49:19.510Z] ----------------------------------------------------------------------
[debug] 
[debug] [2021-11-21T17:49:19.564Z] > command requires scopes: ["email","openid","https://www.googleapis.com/auth/cloudplatformprojects.readonly","https://www.googleapis.com/auth/firebase","https://www.googleapis.com/auth/cloud-platform"]
[debug] [2021-11-21T17:49:19.565Z] > authorizing via signed-in user (masanageliyo@gmail.com)
[info] 
     ######## #### ########  ######## ########     ###     ######  ########
     ##        ##  ##     ## ##       ##     ##  ##   ##  ##       ##
     ######    ##  ########  ######   ########  #########  ######  ######
     ##        ##  ##    ##  ##       ##     ## ##     ##       ## ##
     ##       #### ##     ## ######## ########  ##     ##  ######  ########

You're about to initialize a Firebase project in this directory:

  /Users/berkaycapar/Desktop/masanageliyo-website

Before we get started, keep in mind:

  * You are initializing within an existing Firebase project directory

[info] 
=== Project Setup
[info] 
[info] First, let's associate this project directory with a Firebase project.
[info] You can create multiple project aliases by running firebase use --add, 
[info] but for now we'll just set up a default project.
[info] 
[info] i  .firebaserc already has a default project, using website-masanageliyo. 
[debug] [2021-11-21T17:49:21.819Z] >>> [apiv2][query] GET https://firebase.googleapis.com/v1beta1/projects/website-masanageliyo [none]
[debug] [2021-11-21T17:49:22.274Z] <<< [apiv2][status] GET https://firebase.googleapis.com/v1beta1/projects/website-masanageliyo 200
[debug] [2021-11-21T17:49:22.275Z] <<< [apiv2][body] GET https://firebase.googleapis.com/v1beta1/projects/website-masanageliyo {"projectId":"website-masanageliyo","projectNumber":"61315309082","displayName":"website-masanageliyo","name":"projects/website-masanageliyo","resources":{"hostingSite":"website-masanageliyo"},"state":"ACTIVE"}
[info] 
=== Hosting:github Setup
[info] 
[info] i  Didn't detect a .git folder. Assuming /Users/berkaycapar/Desktop/masanageliyo-website is the project root. 
[info] i  Authorizing with GitHub to upload your service account to a GitHub repository's secrets store. 
[info] 
[info] Visit this URL on this device to log in:
[info] https://github.com/login/oauth/authorize?client_id=89cf50f02ac6aaed3484&state=639535935&redirect_uri=http%3A%2F%2Flocalhost%3A9005&scope=read%3Auser%20repo%20public_repo
[info] 
[info] Waiting for authentication...
[debug] [2021-11-21T17:49:22.997Z] >>> HTTP REQUEST POST https://github.com/login/oauth/access_token  
 {"client_id":"89cf50f02ac6aaed3484","client_secret":"3330d14abc895d9a74d5f17cd7a00711fa2c5bf0","code":"6272d531cf416edd56d9","redirect_uri":"http://localhost:9005","state":"639535935"}
[debug] [2021-11-21T17:49:23.289Z] <<< HTTP RESPONSE 200 {"server":"GitHub.com","date":"Sun, 21 Nov 2021 17:49:23 GMT","content-type":"application/json; charset=utf-8","transfer-encoding":"chunked","vary":"X-PJAX, X-PJAX-Container, Accept-Encoding, Accept, X-Requested-With","permissions-policy":"interest-cohort=()","etag":"W/\"8352465c3856c44ab87da3ec4d116476\"","cache-control":"max-age=0, private, must-revalidate","strict-transport-security":"max-age=31536000; includeSubdomains; preload","x-frame-options":"deny","x-content-type-options":"nosniff","x-xss-protection":"0","referrer-policy":"origin-when-cross-origin, strict-origin-when-cross-origin","expect-ct":"max-age=2592000, report-uri=\"https://api.github.com/_private/browser/errors\"","content-security-policy":"default-src 'none'; base-uri 'self'; block-all-mixed-content; child-src github.com/assets-cdn/worker/ gist.github.com/assets-cdn/worker/; connect-src 'self' uploads.github.com objects-origin.githubusercontent.com www.githubstatus.com collector.githubapp.com api.github.com github-cloud.s3.amazonaws.com github-production-repository-file-5c1aeb.s3.amazonaws.com github-production-upload-manifest-file-7fdce7.s3.amazonaws.com github-production-user-asset-6210df.s3.amazonaws.com cdn.optimizely.com logx.optimizely.com/v1/events translator.github.com wss://alive.github.com; font-src github.githubassets.com; form-action 'self' github.com gist.github.com objects-origin.githubusercontent.com; frame-ancestors 'none'; frame-src render.githubusercontent.com viewscreen.githubusercontent.com notebooks.githubusercontent.com; img-src 'self' data: github.githubassets.com identicons.github.com collector.githubapp.com github-cloud.s3.amazonaws.com secured-user-images.githubusercontent.com/ *.githubusercontent.com; manifest-src 'self'; media-src github.com user-images.githubusercontent.com/; script-src github.githubassets.com; style-src 'unsafe-inline' github.githubassets.com; worker-src github.com/assets-cdn/worker/ gist.github.com/assets-cdn/worker/","x-github-request-id":"82F7:6A6C:29FA2F7:2CFD53C:619A86A3"}
[debug] [2021-11-21T17:49:23.293Z] >>> [apiv2][query] GET https://api.github.com/user [none]
[debug] [2021-11-21T17:49:23.684Z] <<< [apiv2][status] GET https://api.github.com/user 200
[debug] [2021-11-21T17:49:23.685Z] <<< [apiv2][body] GET https://api.github.com/user {"login":"berkaycapar","id":22352463,"node_id":"MDQ6VXNlcjIyMzUyNDYz","avatar_url":"https://avatars.githubusercontent.com/u/22352463?v=4","gravatar_id":"","url":"https://api.github.com/users/berkaycapar","html_url":"https://github.com/berkaycapar","followers_url":"https://api.github.com/users/berkaycapar/followers","following_url":"https://api.github.com/users/berkaycapar/following{/other_user}","gists_url":"https://api.github.com/users/berkaycapar/gists{/gist_id}","starred_url":"https://api.github.com/users/berkaycapar/starred{/owner}{/repo}","subscriptions_url":"https://api.github.com/users/berkaycapar/subscriptions","organizations_url":"https://api.github.com/users/berkaycapar/orgs","repos_url":"https://api.github.com/users/berkaycapar/repos","events_url":"https://api.github.com/users/berkaycapar/events{/privacy}","received_events_url":"https://api.github.com/users/berkaycapar/received_events","type":"User","site_admin":false,"name":"Berkay Çapar","company":null,"blog":"berkaycapar.com","location":"Turkiye","email":"berkaycapar@gmail.com","hireable":null,"bio":"Software Developer","twitter_username":null,"public_repos":13,"public_gists":0,"followers":3,"following":15,"created_at":"2016-09-21T17:50:35Z","updated_at":"2021-11-21T17:48:49Z","private_gists":0,"total_private_repos":1,"owned_private_repos":1,"disk_usage":9484,"collaborators":0,"two_factor_authentication":false,"plan":{"name":"pro","space":976562499,"collaborators":0,"private_repos":9999}}
[info] 
[info] ✔  Success! Logged into GitHub as berkaycapar 
[info] 
